<?xml version="1.0" encoding="UTF-8"?>
<testng-results ignored="0" total="1" passed="1" failed="0" skipped="0">
  <reporter-output>
  </reporter-output>
  <suite started-at="2023-10-09T12:18:33 IST" name="Suite" finished-at="2023-10-09T12:18:44 IST" duration-ms="10393">
    <groups>
    </groups>
    <test started-at="2023-10-09T12:18:33 IST" name="Test" finished-at="2023-10-09T12:18:44 IST" duration-ms="10393">
      <class name="com.obs.tests.LoginTest">
        <test-method is-config="true" signature="initialyeReport()[pri:0, instance:com.obs.tests.LoginTest@413d1baf]" started-at="2023-10-09T12:18:33 IST" name="initialyeReport" finished-at="2023-10-09T12:18:33 IST" duration-ms="255" status="PASS">
          <reporter-output>
          </reporter-output>
        </test-method> <!-- initialyeReport -->
        <test-method is-config="true" signature="launch(java.lang.String,java.lang.reflect.Method)[pri:0, instance:com.obs.tests.LoginTest@413d1baf]" started-at="2023-10-09T12:18:33 IST" name="launch" finished-at="2023-10-09T12:18:40 IST" duration-ms="6408" status="PASS">
          <params>
            <param index="0">
              <value>
                <![CDATA[edge]]>
              </value>
            </param>
            <param index="1">
              <value>
                <![CDATA[public void com.obs.tests.LoginTest.verifyLogin() throws java.io.IOException,java.lang.InterruptedException]]>
              </value>
            </param>
          </params>
          <reporter-output>
          </reporter-output>
        </test-method> <!-- launch -->
        <test-method signature="verifyLogin()[pri:0, instance:com.obs.tests.LoginTest@413d1baf]" started-at="2023-10-09T12:18:40 IST" name="verifyLogin" finished-at="2023-10-09T12:18:44 IST" duration-ms="3928" status="PASS">
          <reporter-output>
          </reporter-output>
        </test-method> <!-- verifyLogin -->
        <test-method is-config="true" signature="closeBrowser(org.testng.ITestResult)[pri:0, instance:com.obs.tests.LoginTest@413d1baf]" started-at="2023-10-09T12:18:44 IST" name="closeBrowser" finished-at="2023-10-09T12:18:44 IST" duration-ms="0" status="PASS">
          <params>
            <param index="0">
              <value>
                <![CDATA[[TestResult name=verifyLogin status=SUCCESS method=LoginTest.verifyLogin()[pri:0, instance:com.obs.tests.LoginTest@413d1baf] output={null}]]]>
              </value>
            </param>
          </params>
          <reporter-output>
          </reporter-output>
        </test-method> <!-- closeBrowser -->
        <test-method is-config="true" signature="cleanup()[pri:0, instance:com.obs.tests.LoginTest@413d1baf]" started-at="2023-10-09T12:18:44 IST" name="cleanup" finished-at="2023-10-09T12:18:44 IST" duration-ms="538" status="PASS">
          <reporter-output>
          </reporter-output>
        </test-method> <!-- cleanup -->
      </class> <!-- com.obs.tests.LoginTest -->
    </test> <!-- Test -->
  </suite> <!-- Suite -->
</testng-results>
